05-05-2022 15:00:46.372 [Gauge] [DEBUG] Created gauge_screenshots_dir at C:\Users\ECK\Desktop\test\ReadyTestECK\HepsiburadaUiCaseWrongPw\.gauge\screenshots
05-05-2022 15:00:46.391 [Gauge] [DEBUG] Plugin java is already installed.
05-05-2022 15:00:46.399 [Gauge] [DEBUG] Plugin html-report is already installed.
05-05-2022 15:00:46.400 [Gauge] [DEBUG] Parsing started.
05-05-2022 15:00:46.400 [Gauge] [DEBUG] Started concepts parsing.
05-05-2022 15:00:46.406 [Gauge] [DEBUG] 0 concepts parsing completed.
05-05-2022 15:00:46.406 [Gauge] [DEBUG] Started specifications parsing.
05-05-2022 15:00:46.414 [Gauge] [DEBUG] 1 specifications parsing completed.
05-05-2022 15:00:46.414 [Gauge] [DEBUG] Parsing completed.
05-05-2022 15:00:46.706 [Gauge] [DEBUG] Checking updates...
05-05-2022 15:00:46.708 [Gauge] [DEBUG] Downloading https://downloads.gauge.org/plugin/html-report?l=java&p=html-report,java,screenshot,spectacle,xml-report&o=windows&a=amd64
05-05-2022 15:00:46.750 [java] [DEBUG] ***** Printing Properties/Env Values *****
05-05-2022 15:00:46.750 [java] [DEBUG] PATH: C:\Program Files\Common Files\Oracle\Java\javapath;C:\Program Files (x86)\Common Files\Oracle\Java\javapath;C:\Windows\system32;C:\Windows;C:\Windows\System32\Wbem;C:\Windows\System32\WindowsPowerShell\v1.0\;C:\Windows\System32\OpenSSH\;C:\Program Files\Gauge\bin;C:\Program Files\Java\jdk-18.0.1\bin;C:\Program Files\Apache\maven\apache-maven-3.8.5\bin;C:\Program Files\Git\cmd;C:\Users\ECK\AppData\Local\Microsoft\WindowsApps;C:\Users\ECK\AppData\Local\GitHubDesktop\bin;C:\Users\ECK\AppData\Roaming\gauge\plugins\screenshot\0.1.0
05-05-2022 15:00:46.750 [java] [DEBUG] JAVA_HOME: C:\Program Files\Java\jdk-18.0.1
05-05-2022 15:00:46.750 [java] [DEBUG] gauge_project_root: C:\Users\ECK\Desktop\test\ReadyTestECK\HepsiburadaUiCaseWrongPw
05-05-2022 15:00:46.751 [java] [DEBUG] gauge_parallel_streams_count: 4
05-05-2022 15:00:46.751 [java] [DEBUG] gauge_reports_dir: reports
05-05-2022 15:00:46.751 [java] [DEBUG] overwrite_reports: true
05-05-2022 15:00:46.751 [java] [DEBUG] logs_directory: logs
05-05-2022 15:00:46.751 [java] [DEBUG] enable_multithreading: false
05-05-2022 15:00:46.751 [java] [DEBUG] gauge_specs_dir: specs
05-05-2022 15:00:46.751 [java] [DEBUG] csv_delimiter: ,
05-05-2022 15:00:46.751 [java] [DEBUG] gauge_java_home: 
05-05-2022 15:00:46.751 [java] [DEBUG] gauge_custom_build_path: 
05-05-2022 15:00:46.751 [java] [DEBUG] gauge_additional_libs: libs/*
05-05-2022 15:00:46.751 [java] [DEBUG] gauge_jvm_args: 
05-05-2022 15:00:46.751 [java] [DEBUG] gauge_custom_compile_dir: 
05-05-2022 15:00:46.751 [java] [DEBUG] gauge_clear_state_level: scenario
05-05-2022 15:00:46.751 [java] [DEBUG] ***** END *****
05-05-2022 15:00:46.976 [Gauge] [DEBUG] Downloading https://downloads.gauge.org/plugin/java?l=java&p=html-report,java,screenshot,spectacle,xml-report&o=windows&a=amd64
05-05-2022 15:00:47.072 [Gauge] [DEBUG] Downloading https://downloads.gauge.org/plugin/screenshot?l=java&p=html-report,java,screenshot,spectacle,xml-report&o=windows&a=amd64
05-05-2022 15:00:47.164 [Gauge] [DEBUG] Downloading https://downloads.gauge.org/plugin/spectacle?l=java&p=html-report,java,screenshot,spectacle,xml-report&o=windows&a=amd64
05-05-2022 15:00:47.239 [Gauge] [DEBUG] Downloading https://downloads.gauge.org/plugin/xml-report?l=java&p=html-report,java,screenshot,spectacle,xml-report&o=windows&a=amd64
05-05-2022 15:00:50.751 [java] [ERROR] Installed version of gauge-java (0.8.1) does not match with dependency gauge-java (0.7.13) specified in pom.xml file
05-05-2022 15:00:50.751 [java] [DEBUG] classpath set to C:\Users\ECK\.jdks\openjdk-18.0.1!\java.base;C:\Users\ECK\.jdks\openjdk-18.0.1!\java.compiler;C:\Users\ECK\.jdks\openjdk-18.0.1!\java.datatransfer;C:\Users\ECK\.jdks\openjdk-18.0.1!\java.desktop;C:\Users\ECK\.jdks\openjdk-18.0.1!\java.instrument;C:\Users\ECK\.jdks\openjdk-18.0.1!\java.logging;C:\Users\ECK\.jdks\openjdk-18.0.1!\java.management;C:\Users\ECK\.jdks\openjdk-18.0.1!\java.management.rmi;C:\Users\ECK\.jdks\openjdk-18.0.1!\java.naming;C:\Users\ECK\.jdks\openjdk-18.0.1!\java.net.http;C:\Users\ECK\.jdks\openjdk-18.0.1!\java.prefs;C:\Users\ECK\.jdks\openjdk-18.0.1!\java.rmi;C:\Users\ECK\.jdks\openjdk-18.0.1!\java.scripting;C:\Users\ECK\.jdks\openjdk-18.0.1!\java.se;C:\Users\ECK\.jdks\openjdk-18.0.1!\java.security.jgss;C:\Users\ECK\.jdks\openjdk-18.0.1!\java.security.sasl;C:\Users\ECK\.jdks\openjdk-18.0.1!\java.smartcardio;C:\Users\ECK\.jdks\openjdk-18.0.1!\java.sql;C:\Users\ECK\.jdks\openjdk-18.0.1!\java.sql.rowset;C:\Users\ECK\.jdks\openjdk-18.0.1!\java.transaction.xa;C:\Users\ECK\.jdks\openjdk-18.0.1!\java.xml;C:\Users\ECK\.jdks\openjdk-18.0.1!\java.xml.crypto;C:\Users\ECK\.jdks\openjdk-18.0.1!\jdk.accessibility;C:\Users\ECK\.jdks\openjdk-18.0.1!\jdk.attach;C:\Users\ECK\.jdks\openjdk-18.0.1!\jdk.charsets;C:\Users\ECK\.jdks\openjdk-18.0.1!\jdk.compiler;C:\Users\ECK\.jdks\openjdk-18.0.1!\jdk.crypto.cryptoki;C:\Users\ECK\.jdks\openjdk-18.0.1!\jdk.crypto.ec;C:\Users\ECK\.jdks\openjdk-18.0.1!\jdk.crypto.mscapi;C:\Users\ECK\.jdks\openjdk-18.0.1!\jdk.dynalink;C:\Users\ECK\.jdks\openjdk-18.0.1!\jdk.editpad;C:\Users\ECK\.jdks\openjdk-18.0.1!\jdk.hotspot.agent;C:\Users\ECK\.jdks\openjdk-18.0.1!\jdk.httpserver;C:\Users\ECK\.jdks\openjdk-18.0.1!\jdk.incubator.foreign;C:\Users\ECK\.jdks\openjdk-18.0.1!\jdk.incubator.vector;C:\Users\ECK\.jdks\openjdk-18.0.1!\jdk.internal.ed;C:\Users\ECK\.jdks\openjdk-18.0.1!\jdk.internal.jvmstat;C:\Users\ECK\.jdks\openjdk-18.0.1!\jdk.internal.le;C:\Users\ECK\.jdks\openjdk-18.0.1!\jdk.internal.opt;C:\Users\ECK\.jdks\openjdk-18.0.1!\jdk.internal.vm.ci;C:\Users\ECK\.jdks\openjdk-18.0.1!\jdk.internal.vm.compiler;C:\Users\ECK\.jdks\openjdk-18.0.1!\jdk.internal.vm.compiler.management;C:\Users\ECK\.jdks\openjdk-18.0.1!\jdk.jartool;C:\Users\ECK\.jdks\openjdk-18.0.1!\jdk.javadoc;C:\Users\ECK\.jdks\openjdk-18.0.1!\jdk.jcmd;C:\Users\ECK\.jdks\openjdk-18.0.1!\jdk.jconsole;C:\Users\ECK\.jdks\openjdk-18.0.1!\jdk.jdeps;C:\Users\ECK\.jdks\openjdk-18.0.1!\jdk.jdi;C:\Users\ECK\.jdks\openjdk-18.0.1!\jdk.jdwp.agent;C:\Users\ECK\.jdks\openjdk-18.0.1!\jdk.jfr;C:\Users\ECK\.jdks\openjdk-18.0.1!\jdk.jlink;C:\Users\ECK\.jdks\openjdk-18.0.1!\jdk.jpackage;C:\Users\ECK\.jdks\openjdk-18.0.1!\jdk.jshell;C:\Users\ECK\.jdks\openjdk-18.0.1!\jdk.jsobject;C:\Users\ECK\.jdks\openjdk-18.0.1!\jdk.jstatd;C:\Users\ECK\.jdks\openjdk-18.0.1!\jdk.localedata;C:\Users\ECK\.jdks\openjdk-18.0.1!\jdk.management;C:\Users\ECK\.jdks\openjdk-18.0.1!\jdk.management.agent;C:\Users\ECK\.jdks\openjdk-18.0.1!\jdk.management.jfr;C:\Users\ECK\.jdks\openjdk-18.0.1!\jdk.naming.dns;C:\Users\ECK\.jdks\openjdk-18.0.1!\jdk.naming.rmi;C:\Users\ECK\.jdks\openjdk-18.0.1!\jdk.net;C:\Users\ECK\.jdks\openjdk-18.0.1!\jdk.nio.mapmode;C:\Users\ECK\.jdks\openjdk-18.0.1!\jdk.random;C:\Users\ECK\.jdks\openjdk-18.0.1!\jdk.sctp;C:\Users\ECK\.jdks\openjdk-18.0.1!\jdk.security.auth;C:\Users\ECK\.jdks\openjdk-18.0.1!\jdk.security.jgss;C:\Users\ECK\.jdks\openjdk-18.0.1!\jdk.unsupported;C:\Users\ECK\.jdks\openjdk-18.0.1!\jdk.unsupported.desktop;C:\Users\ECK\.jdks\openjdk-18.0.1!\jdk.xml.dom;C:\Users\ECK\.jdks\openjdk-18.0.1!\jdk.zipfs;C:\Users\ECK\Desktop\test\ReadyTestECK\HepsiburadaUiCaseWrongPw\target\test-classes;C:\Users\ECK\.m2\repository\com\thoughtworks\gauge\gauge-java\0.7.13\gauge-java-0.7.13.jar;C:\Users\ECK\.m2\repository\com\github\javaparser\javaparser-core\3.16.2\javaparser-core-3.16.2.jar;C:\Users\ECK\.m2\repository\commons-io\commons-io\2.8.0\commons-io-2.8.0.jar;C:\Users\ECK\.m2\repository\commons-lang\commons-lang\2.6\commons-lang-2.6.jar;C:\Users\ECK\.m2\repository\org\json\json\20200518\json-20200518.jar;C:\Users\ECK\.m2\repository\com\google\protobuf\protobuf-java\3.13.0\protobuf-java-3.13.0.jar;C:\Users\ECK\.m2\repository\com\google\guava\guava\29.0-jre\guava-29.0-jre.jar;C:\Users\ECK\.m2\repository\com\google\guava\failureaccess\1.0.1\failureaccess-1.0.1.jar;C:\Users\ECK\.m2\repository\com\google\guava\listenablefuture\9999.0-empty-to-avoid-conflict-with-guava\listenablefuture-9999.0-empty-to-avoid-conflict-with-guava.jar;C:\Users\ECK\.m2\repository\com\google\code\findbugs\jsr305\3.0.2\jsr305-3.0.2.jar;C:\Users\ECK\.m2\repository\org\checkerframework\checker-qual\2.11.1\checker-qual-2.11.1.jar;C:\Users\ECK\.m2\repository\com\google\errorprone\error_prone_annotations\2.3.4\error_prone_annotations-2.3.4.jar;C:\Users\ECK\.m2\repository\com\google\j2objc\j2objc-annotations\1.3\j2objc-annotations-1.3.jar;C:\Users\ECK\.m2\repository\io\grpc\grpc-netty-shaded\1.33.0\grpc-netty-shaded-1.33.0.jar;C:\Users\ECK\.m2\repository\io\grpc\grpc-core\1.33.0\grpc-core-1.33.0.jar;C:\Users\ECK\.m2\repository\com\google\android\annotations\4.1.1.4\annotations-4.1.1.4.jar;C:\Users\ECK\.m2\repository\io\perfmark\perfmark-api\0.19.0\perfmark-api-0.19.0.jar;C:\Users\ECK\.m2\repository\io\grpc\grpc-protobuf\1.33.0\grpc-protobuf-1.33.0.jar;C:\Users\ECK\.m2\repository\io\grpc\grpc-api\1.33.0\grpc-api-1.33.0.jar;C:\Users\ECK\.m2\repository\io\grpc\grpc-context\1.33.0\grpc-context-1.33.0.jar;C:\Users\ECK\.m2\repository\com\google\api\grpc\proto-google-common-protos\1.17.0\proto-google-common-protos-1.17.0.jar;C:\Users\ECK\.m2\repository\io\grpc\grpc-protobuf-lite\1.33.0\grpc-protobuf-lite-1.33.0.jar;C:\Users\ECK\.m2\repository\org\codehaus\mojo\animal-sniffer-annotations\1.18\animal-sniffer-annotations-1.18.jar;C:\Users\ECK\.m2\repository\io\grpc\grpc-stub\1.33.0\grpc-stub-1.33.0.jar;C:\Users\ECK\.m2\repository\javax\annotation\javax.annotation-api\1.3.2\javax.annotation-api-1.3.2.jar;C:\Users\ECK\.m2\repository\org\assertj\assertj-core\3.10.0\assertj-core-3.10.0.jar;C:\Users\ECK\.m2\repository\org\seleniumhq\selenium\selenium-java\3.141.59\selenium-java-3.141.59.jar;C:\Users\ECK\.m2\repository\org\seleniumhq\selenium\selenium-api\3.141.59\selenium-api-3.141.59.jar;C:\Users\ECK\.m2\repository\org\seleniumhq\selenium\selenium-chrome-driver\3.141.59\selenium-chrome-driver-3.141.59.jar;C:\Users\ECK\.m2\repository\org\seleniumhq\selenium\selenium-edge-driver\3.141.59\selenium-edge-driver-3.141.59.jar;C:\Users\ECK\.m2\repository\org\seleniumhq\selenium\selenium-firefox-driver\3.141.59\selenium-firefox-driver-3.141.59.jar;C:\Users\ECK\.m2\repository\org\seleniumhq\selenium\selenium-ie-driver\3.141.59\selenium-ie-driver-3.141.59.jar;C:\Users\ECK\.m2\repository\org\seleniumhq\selenium\selenium-opera-driver\3.141.59\selenium-opera-driver-3.141.59.jar;C:\Users\ECK\.m2\repository\org\seleniumhq\selenium\selenium-remote-driver\3.141.59\selenium-remote-driver-3.141.59.jar;C:\Users\ECK\.m2\repository\org\seleniumhq\selenium\selenium-safari-driver\3.141.59\selenium-safari-driver-3.141.59.jar;C:\Users\ECK\.m2\repository\org\seleniumhq\selenium\selenium-support\3.141.59\selenium-support-3.141.59.jar;C:\Users\ECK\.m2\repository\net\bytebuddy\byte-buddy\1.8.15\byte-buddy-1.8.15.jar;C:\Users\ECK\.m2\repository\org\apache\commons\commons-exec\1.3\commons-exec-1.3.jar;C:\Users\ECK\.m2\repository\com\squareup\okhttp3\okhttp\3.11.0\okhttp-3.11.0.jar;C:\Users\ECK\.m2\repository\com\squareup\okio\okio\1.14.0\okio-1.14.0.jar;C:\Users\ECK\.m2\repository\io\github\bonigarcia\webdrivermanager\4.2.0\webdrivermanager-4.2.0.jar;C:\Users\ECK\.m2\repository\org\slf4j\slf4j-api\1.7.30\slf4j-api-1.7.30.jar;C:\Users\ECK\.m2\repository\com\google\code\gson\gson\2.8.6\gson-2.8.6.jar;C:\Users\ECK\.m2\repository\org\apache\commons\commons-lang3\3.11\commons-lang3-3.11.jar;C:\Users\ECK\.m2\repository\org\apache\httpcomponents\client5\httpclient5\5.0.1\httpclient5-5.0.1.jar;C:\Users\ECK\.m2\repository\org\apache\httpcomponents\core5\httpcore5\5.0.1\httpcore5-5.0.1.jar;C:\Users\ECK\.m2\repository\org\apache\httpcomponents\core5\httpcore5-h2\5.0.1\httpcore5-h2-5.0.1.jar;C:\Users\ECK\.m2\repository\commons-codec\commons-codec\1.13\commons-codec-1.13.jar;C:\Users\ECK\.m2\repository\org\rauschig\jarchivelib\1.0.0\jarchivelib-1.0.0.jar;C:\Users\ECK\.m2\repository\org\apache\commons\commons-compress\1.18\commons-compress-1.18.jar;C:\Users\ECK\.m2\repository\org\jsoup\jsoup\1.13.1\jsoup-1.13.1.jar;C:\Users\ECK\.m2\repository\org\reflections\reflections\0.9.10\reflections-0.9.10.jar;C:\Users\ECK\.m2\repository\org\javassist\javassist\3.19.0-GA\javassist-3.19.0-GA.jar;C:\Users\ECK\.m2\repository\com\google\code\findbugs\annotations\2.0.1\annotations-2.0.1.jar;C:\Users\ECK\.m2\repository\junit\junit\4.12\junit-4.12.jar;C:\Users\ECK\.m2\repository\org\hamcrest\hamcrest-core\1.3\hamcrest-core-1.3.jar
05-05-2022 15:00:50.816 [java] [DEBUG] found java executable in C:\Program Files\Java\jdk-18.0.1\bin\java.exe
05-05-2022 15:00:50.816 [java] [DEBUG] running - C:\Program Files\Java\jdk-18.0.1\bin\java.exe [-Dfile.encoding=UTF-8 com.thoughtworks.gauge.GaugeRuntime --start]
05-05-2022 15:00:50.816 [java] [DEBUG] stdout/stderr is logged to logs\8516-java.exe.out
05-05-2022 15:00:51.001 [java] [DEBUG] multithreading is set to false
05-05-2022 15:00:51.337 [java] [DEBUG] Using reflection to scan dependencies for gauge implementations...
05-05-2022 15:00:51.413 [java] [ERROR] SLF4J: Failed to load class "org.slf4j.impl.StaticLoggerBinder".
05-05-2022 15:00:51.413 [java] [ERROR] SLF4J: Defaulting to no-operation (NOP) logger implementation
05-05-2022 15:00:51.413 [java] [ERROR] SLF4J: See http://www.slf4j.org/codes.html#StaticLoggerBinder for further details.
05-05-2022 15:00:52.099 [java] [DEBUG] gauge-java took 1075milliseconds to load and scan. This should be less than 'runner_connection_timeout' config value.
05-05-2022 15:00:52.099 [java] [DEBUG] run 'gauge config runner_connection_timeout' and verify that it is < 1075
05-05-2022 15:00:52.099 [java] [DEBUG] starting gRPC server...
05-05-2022 15:00:52.261 [java] [DEBUG] started gRPC server on port 51534
05-05-2022 15:00:52.261 [Gauge] [DEBUG] Attempting to connect to grpc server at port: 51534
05-05-2022 15:00:52.456 [Gauge] [DEBUG] Successfully made the connection with runner with port: 51534
05-05-2022 15:00:52.460 [Gauge] [DEBUG] Validation started.
05-05-2022 15:00:53.173 [java] [DEBUG] Scanning packages for steps
05-05-2022 15:00:53.187 [java] [DEBUG] Comparing 'org.example.StepImplementation.ensureInstallationInstructionsAreAvailable' and 'org.example.StepImplementation.ensureInstallationInstructionsAreAvailable'
05-05-2022 15:00:53.187 [java] [DEBUG] Found Ensure installation instructions are available in current project scope.
05-05-2022 15:00:53.187 [java] [DEBUG] Comparing 'org.example.StepImplementation.gotoGetStartedPage' and 'org.example.StepImplementation.gotoGetStartedPage'
05-05-2022 15:00:53.187 [java] [DEBUG] Found Go to Gauge Get Started Page in current project scope.
05-05-2022 15:00:53.187 [java] [DEBUG] Comparing 'org.example.StepImplementation.implementation1' and 'org.example.StepImplementation.implementation1'
05-05-2022 15:00:53.187 [java] [DEBUG] Found Open the Gauge homepage in current project scope.
05-05-2022 15:00:53.187 [java] [DEBUG] Scanning packages for hooks
05-05-2022 15:00:53.195 [java] [DEBUG] Scanned steps (using static parsing + reflections): 
05-05-2022 15:00:53.195 [java] [DEBUG] 	Open the Gauge homepage : public void implementation1()
05-05-2022 15:00:53.195 [java] [DEBUG] 	Go to Gauge Get Started Page : public void gotoGetStartedPage() throws InterruptedException
05-05-2022 15:00:53.196 [java] [DEBUG] 	Ensure installation instructions are available : public void ensureInstallationInstructionsAreAvailable() throws InterruptedException
05-05-2022 15:00:54.199 [Gauge] [DEBUG] Validation completed.
05-05-2022 15:00:54.202 [Gauge] [DEBUG] Run started
05-05-2022 15:00:54.202 [Gauge] [DEBUG] Starting Html Report plugin
05-05-2022 15:00:54.650 [Gauge] [DEBUG] Attempting to connect to grpc server at port: 51537
05-05-2022 15:00:54.652 [Gauge] [DEBUG] Successfully made the connection with plugin with port: 51537
05-05-2022 15:00:54.652 [Gauge] [DEBUG] Initialising suite data store.
05-05-2022 15:00:59.211 [java] [ERROR] Starting ChromeDriver 101.0.4951.41 (93c720db8323b3ec10d056025ab95c23a31997c9-refs/branch-heads/4951@{#904}) on port 3654
05-05-2022 15:00:59.211 [java] [ERROR] Only local connections are allowed.
05-05-2022 15:00:59.211 [java] [ERROR] Please see https://chromedriver.chromium.org/security-considerations for suggestions on keeping ChromeDriver safe.
05-05-2022 15:00:59.220 [java] [ERROR] ChromeDriver was started successfully.
05-05-2022 15:01:00.715 [java] [ERROR] May 05, 2022 3:01:00 ÖS org.openqa.selenium.remote.ProtocolHandshake createSession
05-05-2022 15:01:00.715 [java] [ERROR] INFO: Detected dialect: W3C
05-05-2022 15:01:00.836 [java] [DEBUG] Executing 'Open the Gauge homepage' using 'class org.example.StepImplementation.implementation1
05-05-2022 15:01:02.183 [java] [DEBUG] Executing 'Go to Gauge Get Started Page' using 'class org.example.StepImplementation.gotoGetStartedPage
05-05-2022 15:01:03.218 [java] [DEBUG] Executing 'Ensure installation instructions are available' using 'class org.example.StepImplementation.ensureInstallationInstructionsAreAvailable
05-05-2022 15:01:03.639 [html-report] [DEBUG] Transformed SuiteResult to report structure
05-05-2022 15:01:05.003 [html-report] [INFO] Successfully generated html-report to => C:\Users\ECK\Desktop\test\ReadyTestECK\HepsiburadaUiCaseWrongPw\reports\html-report\index.html
05-05-2022 15:01:05.003 [html-report] [DEBUG] Done generating HTML report using theme from C:\Users\ECK\AppData\Roaming\gauge\plugins\html-report\4.1.4\themes\default
05-05-2022 15:01:05.004 [Gauge] [DEBUG] Sending kill message to Html Report plugin.
05-05-2022 15:01:05.671 [Gauge] [DEBUG] Runner with PID:8516 has exited
05-05-2022 15:01:05.671 [Gauge] [INFO] Specifications:	1 executed	1 passed	0 failed	0 skipped
05-05-2022 15:01:05.671 [Gauge] [INFO] Scenarios:	1 executed	1 passed	0 failed	0 skipped
05-05-2022 15:01:05.671 [Gauge] [INFO] 
Total time taken: 9.409s
05-05-2022 15:14:55.508 [Gauge] [DEBUG] Created gauge_screenshots_dir at C:\Users\ECK\Desktop\test\ReadyTestECK\HepsiburadaUiCaseWrongPw\.gauge\screenshots
05-05-2022 15:14:55.510 [Gauge] [DEBUG] Plugin html-report is already installed.
05-05-2022 15:14:55.510 [Gauge] [DEBUG] Plugin java is already installed.
05-05-2022 15:14:55.511 [Gauge] [DEBUG] Parsing started.
05-05-2022 15:14:55.511 [Gauge] [DEBUG] Started concepts parsing.
05-05-2022 15:14:55.516 [Gauge] [DEBUG] 0 concepts parsing completed.
05-05-2022 15:14:55.516 [Gauge] [DEBUG] Started specifications parsing.
05-05-2022 15:14:55.517 [Gauge] [DEBUG] 1 specifications parsing completed.
05-05-2022 15:14:55.517 [Gauge] [DEBUG] Parsing completed.
05-05-2022 15:14:55.542 [java] [DEBUG] ***** Printing Properties/Env Values *****
05-05-2022 15:14:55.542 [java] [DEBUG] PATH: C:\Program Files\Common Files\Oracle\Java\javapath;C:\Program Files (x86)\Common Files\Oracle\Java\javapath;C:\Windows\system32;C:\Windows;C:\Windows\System32\Wbem;C:\Windows\System32\WindowsPowerShell\v1.0\;C:\Windows\System32\OpenSSH\;C:\Program Files\Gauge\bin;C:\Program Files\Java\jdk-18.0.1\bin;C:\Program Files\Apache\maven\apache-maven-3.8.5\bin;C:\Program Files\Git\cmd;C:\Users\ECK\AppData\Local\Microsoft\WindowsApps;C:\Users\ECK\AppData\Local\GitHubDesktop\bin;C:\Users\ECK\AppData\Roaming\gauge\plugins\screenshot\0.1.0
05-05-2022 15:14:55.542 [java] [DEBUG] JAVA_HOME: C:\Program Files\Java\jdk-18.0.1
05-05-2022 15:14:55.542 [java] [DEBUG] gauge_project_root: C:\Users\ECK\Desktop\test\ReadyTestECK\HepsiburadaUiCaseWrongPw
05-05-2022 15:14:55.542 [java] [DEBUG] gauge_parallel_streams_count: 4
05-05-2022 15:14:55.542 [java] [DEBUG] gauge_reports_dir: reports
05-05-2022 15:14:55.542 [java] [DEBUG] overwrite_reports: true
05-05-2022 15:14:55.542 [java] [DEBUG] logs_directory: logs
05-05-2022 15:14:55.542 [java] [DEBUG] enable_multithreading: false
05-05-2022 15:14:55.542 [java] [DEBUG] gauge_specs_dir: specs
05-05-2022 15:14:55.542 [java] [DEBUG] csv_delimiter: ,
05-05-2022 15:14:55.542 [java] [DEBUG] gauge_java_home: 
05-05-2022 15:14:55.542 [java] [DEBUG] gauge_custom_build_path: 
05-05-2022 15:14:55.542 [java] [DEBUG] gauge_additional_libs: libs/*
05-05-2022 15:14:55.542 [java] [DEBUG] gauge_jvm_args: 
05-05-2022 15:14:55.542 [java] [DEBUG] gauge_custom_compile_dir: 
05-05-2022 15:14:55.542 [java] [DEBUG] gauge_clear_state_level: scenario
05-05-2022 15:14:55.542 [java] [DEBUG] ***** END *****
05-05-2022 15:14:55.780 [Gauge] [DEBUG] Checking updates...
05-05-2022 15:14:55.784 [Gauge] [DEBUG] Downloading https://downloads.gauge.org/plugin/html-report?l=java&p=html-report,java,screenshot,spectacle,xml-report&o=windows&a=amd64
05-05-2022 15:14:56.027 [Gauge] [DEBUG] Downloading https://downloads.gauge.org/plugin/java?l=java&p=html-report,java,screenshot,spectacle,xml-report&o=windows&a=amd64
05-05-2022 15:14:56.118 [Gauge] [DEBUG] Downloading https://downloads.gauge.org/plugin/screenshot?l=java&p=html-report,java,screenshot,spectacle,xml-report&o=windows&a=amd64
05-05-2022 15:14:56.189 [Gauge] [DEBUG] Downloading https://downloads.gauge.org/plugin/spectacle?l=java&p=html-report,java,screenshot,spectacle,xml-report&o=windows&a=amd64
05-05-2022 15:14:56.258 [Gauge] [DEBUG] Downloading https://downloads.gauge.org/plugin/xml-report?l=java&p=html-report,java,screenshot,spectacle,xml-report&o=windows&a=amd64
05-05-2022 15:14:59.346 [java] [ERROR] Installed version of gauge-java (0.8.1) does not match with dependency gauge-java (0.7.13) specified in pom.xml file
05-05-2022 15:14:59.346 [java] [DEBUG] classpath set to C:\Users\ECK\.jdks\openjdk-18.0.1!\java.base;C:\Users\ECK\.jdks\openjdk-18.0.1!\java.compiler;C:\Users\ECK\.jdks\openjdk-18.0.1!\java.datatransfer;C:\Users\ECK\.jdks\openjdk-18.0.1!\java.desktop;C:\Users\ECK\.jdks\openjdk-18.0.1!\java.instrument;C:\Users\ECK\.jdks\openjdk-18.0.1!\java.logging;C:\Users\ECK\.jdks\openjdk-18.0.1!\java.management;C:\Users\ECK\.jdks\openjdk-18.0.1!\java.management.rmi;C:\Users\ECK\.jdks\openjdk-18.0.1!\java.naming;C:\Users\ECK\.jdks\openjdk-18.0.1!\java.net.http;C:\Users\ECK\.jdks\openjdk-18.0.1!\java.prefs;C:\Users\ECK\.jdks\openjdk-18.0.1!\java.rmi;C:\Users\ECK\.jdks\openjdk-18.0.1!\java.scripting;C:\Users\ECK\.jdks\openjdk-18.0.1!\java.se;C:\Users\ECK\.jdks\openjdk-18.0.1!\java.security.jgss;C:\Users\ECK\.jdks\openjdk-18.0.1!\java.security.sasl;C:\Users\ECK\.jdks\openjdk-18.0.1!\java.smartcardio;C:\Users\ECK\.jdks\openjdk-18.0.1!\java.sql;C:\Users\ECK\.jdks\openjdk-18.0.1!\java.sql.rowset;C:\Users\ECK\.jdks\openjdk-18.0.1!\java.transaction.xa;C:\Users\ECK\.jdks\openjdk-18.0.1!\java.xml;C:\Users\ECK\.jdks\openjdk-18.0.1!\java.xml.crypto;C:\Users\ECK\.jdks\openjdk-18.0.1!\jdk.accessibility;C:\Users\ECK\.jdks\openjdk-18.0.1!\jdk.attach;C:\Users\ECK\.jdks\openjdk-18.0.1!\jdk.charsets;C:\Users\ECK\.jdks\openjdk-18.0.1!\jdk.compiler;C:\Users\ECK\.jdks\openjdk-18.0.1!\jdk.crypto.cryptoki;C:\Users\ECK\.jdks\openjdk-18.0.1!\jdk.crypto.ec;C:\Users\ECK\.jdks\openjdk-18.0.1!\jdk.crypto.mscapi;C:\Users\ECK\.jdks\openjdk-18.0.1!\jdk.dynalink;C:\Users\ECK\.jdks\openjdk-18.0.1!\jdk.editpad;C:\Users\ECK\.jdks\openjdk-18.0.1!\jdk.hotspot.agent;C:\Users\ECK\.jdks\openjdk-18.0.1!\jdk.httpserver;C:\Users\ECK\.jdks\openjdk-18.0.1!\jdk.incubator.foreign;C:\Users\ECK\.jdks\openjdk-18.0.1!\jdk.incubator.vector;C:\Users\ECK\.jdks\openjdk-18.0.1!\jdk.internal.ed;C:\Users\ECK\.jdks\openjdk-18.0.1!\jdk.internal.jvmstat;C:\Users\ECK\.jdks\openjdk-18.0.1!\jdk.internal.le;C:\Users\ECK\.jdks\openjdk-18.0.1!\jdk.internal.opt;C:\Users\ECK\.jdks\openjdk-18.0.1!\jdk.internal.vm.ci;C:\Users\ECK\.jdks\openjdk-18.0.1!\jdk.internal.vm.compiler;C:\Users\ECK\.jdks\openjdk-18.0.1!\jdk.internal.vm.compiler.management;C:\Users\ECK\.jdks\openjdk-18.0.1!\jdk.jartool;C:\Users\ECK\.jdks\openjdk-18.0.1!\jdk.javadoc;C:\Users\ECK\.jdks\openjdk-18.0.1!\jdk.jcmd;C:\Users\ECK\.jdks\openjdk-18.0.1!\jdk.jconsole;C:\Users\ECK\.jdks\openjdk-18.0.1!\jdk.jdeps;C:\Users\ECK\.jdks\openjdk-18.0.1!\jdk.jdi;C:\Users\ECK\.jdks\openjdk-18.0.1!\jdk.jdwp.agent;C:\Users\ECK\.jdks\openjdk-18.0.1!\jdk.jfr;C:\Users\ECK\.jdks\openjdk-18.0.1!\jdk.jlink;C:\Users\ECK\.jdks\openjdk-18.0.1!\jdk.jpackage;C:\Users\ECK\.jdks\openjdk-18.0.1!\jdk.jshell;C:\Users\ECK\.jdks\openjdk-18.0.1!\jdk.jsobject;C:\Users\ECK\.jdks\openjdk-18.0.1!\jdk.jstatd;C:\Users\ECK\.jdks\openjdk-18.0.1!\jdk.localedata;C:\Users\ECK\.jdks\openjdk-18.0.1!\jdk.management;C:\Users\ECK\.jdks\openjdk-18.0.1!\jdk.management.agent;C:\Users\ECK\.jdks\openjdk-18.0.1!\jdk.management.jfr;C:\Users\ECK\.jdks\openjdk-18.0.1!\jdk.naming.dns;C:\Users\ECK\.jdks\openjdk-18.0.1!\jdk.naming.rmi;C:\Users\ECK\.jdks\openjdk-18.0.1!\jdk.net;C:\Users\ECK\.jdks\openjdk-18.0.1!\jdk.nio.mapmode;C:\Users\ECK\.jdks\openjdk-18.0.1!\jdk.random;C:\Users\ECK\.jdks\openjdk-18.0.1!\jdk.sctp;C:\Users\ECK\.jdks\openjdk-18.0.1!\jdk.security.auth;C:\Users\ECK\.jdks\openjdk-18.0.1!\jdk.security.jgss;C:\Users\ECK\.jdks\openjdk-18.0.1!\jdk.unsupported;C:\Users\ECK\.jdks\openjdk-18.0.1!\jdk.unsupported.desktop;C:\Users\ECK\.jdks\openjdk-18.0.1!\jdk.xml.dom;C:\Users\ECK\.jdks\openjdk-18.0.1!\jdk.zipfs;C:\Users\ECK\Desktop\test\ReadyTestECK\HepsiburadaUiCaseWrongPw\target\test-classes;C:\Users\ECK\.m2\repository\com\thoughtworks\gauge\gauge-java\0.7.13\gauge-java-0.7.13.jar;C:\Users\ECK\.m2\repository\com\github\javaparser\javaparser-core\3.16.2\javaparser-core-3.16.2.jar;C:\Users\ECK\.m2\repository\commons-io\commons-io\2.8.0\commons-io-2.8.0.jar;C:\Users\ECK\.m2\repository\commons-lang\commons-lang\2.6\commons-lang-2.6.jar;C:\Users\ECK\.m2\repository\org\json\json\20200518\json-20200518.jar;C:\Users\ECK\.m2\repository\com\google\protobuf\protobuf-java\3.13.0\protobuf-java-3.13.0.jar;C:\Users\ECK\.m2\repository\com\google\guava\guava\29.0-jre\guava-29.0-jre.jar;C:\Users\ECK\.m2\repository\com\google\guava\failureaccess\1.0.1\failureaccess-1.0.1.jar;C:\Users\ECK\.m2\repository\com\google\guava\listenablefuture\9999.0-empty-to-avoid-conflict-with-guava\listenablefuture-9999.0-empty-to-avoid-conflict-with-guava.jar;C:\Users\ECK\.m2\repository\com\google\code\findbugs\jsr305\3.0.2\jsr305-3.0.2.jar;C:\Users\ECK\.m2\repository\org\checkerframework\checker-qual\2.11.1\checker-qual-2.11.1.jar;C:\Users\ECK\.m2\repository\com\google\errorprone\error_prone_annotations\2.3.4\error_prone_annotations-2.3.4.jar;C:\Users\ECK\.m2\repository\com\google\j2objc\j2objc-annotations\1.3\j2objc-annotations-1.3.jar;C:\Users\ECK\.m2\repository\io\grpc\grpc-netty-shaded\1.33.0\grpc-netty-shaded-1.33.0.jar;C:\Users\ECK\.m2\repository\io\grpc\grpc-core\1.33.0\grpc-core-1.33.0.jar;C:\Users\ECK\.m2\repository\com\google\android\annotations\4.1.1.4\annotations-4.1.1.4.jar;C:\Users\ECK\.m2\repository\io\perfmark\perfmark-api\0.19.0\perfmark-api-0.19.0.jar;C:\Users\ECK\.m2\repository\io\grpc\grpc-protobuf\1.33.0\grpc-protobuf-1.33.0.jar;C:\Users\ECK\.m2\repository\io\grpc\grpc-api\1.33.0\grpc-api-1.33.0.jar;C:\Users\ECK\.m2\repository\io\grpc\grpc-context\1.33.0\grpc-context-1.33.0.jar;C:\Users\ECK\.m2\repository\com\google\api\grpc\proto-google-common-protos\1.17.0\proto-google-common-protos-1.17.0.jar;C:\Users\ECK\.m2\repository\io\grpc\grpc-protobuf-lite\1.33.0\grpc-protobuf-lite-1.33.0.jar;C:\Users\ECK\.m2\repository\org\codehaus\mojo\animal-sniffer-annotations\1.18\animal-sniffer-annotations-1.18.jar;C:\Users\ECK\.m2\repository\io\grpc\grpc-stub\1.33.0\grpc-stub-1.33.0.jar;C:\Users\ECK\.m2\repository\javax\annotation\javax.annotation-api\1.3.2\javax.annotation-api-1.3.2.jar;C:\Users\ECK\.m2\repository\org\assertj\assertj-core\3.10.0\assertj-core-3.10.0.jar;C:\Users\ECK\.m2\repository\org\seleniumhq\selenium\selenium-java\3.141.59\selenium-java-3.141.59.jar;C:\Users\ECK\.m2\repository\org\seleniumhq\selenium\selenium-api\3.141.59\selenium-api-3.141.59.jar;C:\Users\ECK\.m2\repository\org\seleniumhq\selenium\selenium-chrome-driver\3.141.59\selenium-chrome-driver-3.141.59.jar;C:\Users\ECK\.m2\repository\org\seleniumhq\selenium\selenium-edge-driver\3.141.59\selenium-edge-driver-3.141.59.jar;C:\Users\ECK\.m2\repository\org\seleniumhq\selenium\selenium-firefox-driver\3.141.59\selenium-firefox-driver-3.141.59.jar;C:\Users\ECK\.m2\repository\org\seleniumhq\selenium\selenium-ie-driver\3.141.59\selenium-ie-driver-3.141.59.jar;C:\Users\ECK\.m2\repository\org\seleniumhq\selenium\selenium-opera-driver\3.141.59\selenium-opera-driver-3.141.59.jar;C:\Users\ECK\.m2\repository\org\seleniumhq\selenium\selenium-remote-driver\3.141.59\selenium-remote-driver-3.141.59.jar;C:\Users\ECK\.m2\repository\org\seleniumhq\selenium\selenium-safari-driver\3.141.59\selenium-safari-driver-3.141.59.jar;C:\Users\ECK\.m2\repository\org\seleniumhq\selenium\selenium-support\3.141.59\selenium-support-3.141.59.jar;C:\Users\ECK\.m2\repository\net\bytebuddy\byte-buddy\1.8.15\byte-buddy-1.8.15.jar;C:\Users\ECK\.m2\repository\org\apache\commons\commons-exec\1.3\commons-exec-1.3.jar;C:\Users\ECK\.m2\repository\com\squareup\okhttp3\okhttp\3.11.0\okhttp-3.11.0.jar;C:\Users\ECK\.m2\repository\com\squareup\okio\okio\1.14.0\okio-1.14.0.jar;C:\Users\ECK\.m2\repository\io\github\bonigarcia\webdrivermanager\4.2.0\webdrivermanager-4.2.0.jar;C:\Users\ECK\.m2\repository\org\slf4j\slf4j-api\1.7.30\slf4j-api-1.7.30.jar;C:\Users\ECK\.m2\repository\com\google\code\gson\gson\2.8.6\gson-2.8.6.jar;C:\Users\ECK\.m2\repository\org\apache\commons\commons-lang3\3.11\commons-lang3-3.11.jar;C:\Users\ECK\.m2\repository\org\apache\httpcomponents\client5\httpclient5\5.0.1\httpclient5-5.0.1.jar;C:\Users\ECK\.m2\repository\org\apache\httpcomponents\core5\httpcore5\5.0.1\httpcore5-5.0.1.jar;C:\Users\ECK\.m2\repository\org\apache\httpcomponents\core5\httpcore5-h2\5.0.1\httpcore5-h2-5.0.1.jar;C:\Users\ECK\.m2\repository\commons-codec\commons-codec\1.13\commons-codec-1.13.jar;C:\Users\ECK\.m2\repository\org\rauschig\jarchivelib\1.0.0\jarchivelib-1.0.0.jar;C:\Users\ECK\.m2\repository\org\apache\commons\commons-compress\1.18\commons-compress-1.18.jar;C:\Users\ECK\.m2\repository\org\jsoup\jsoup\1.13.1\jsoup-1.13.1.jar;C:\Users\ECK\.m2\repository\org\reflections\reflections\0.9.10\reflections-0.9.10.jar;C:\Users\ECK\.m2\repository\org\javassist\javassist\3.19.0-GA\javassist-3.19.0-GA.jar;C:\Users\ECK\.m2\repository\com\google\code\findbugs\annotations\2.0.1\annotations-2.0.1.jar;C:\Users\ECK\.m2\repository\junit\junit\4.12\junit-4.12.jar;C:\Users\ECK\.m2\repository\org\hamcrest\hamcrest-core\1.3\hamcrest-core-1.3.jar
05-05-2022 15:14:59.379 [java] [DEBUG] found java executable in C:\Program Files\Java\jdk-18.0.1\bin\java.exe
05-05-2022 15:14:59.380 [java] [DEBUG] running - C:\Program Files\Java\jdk-18.0.1\bin\java.exe [-Dfile.encoding=UTF-8 com.thoughtworks.gauge.GaugeRuntime --start]
05-05-2022 15:14:59.380 [java] [DEBUG] stdout/stderr is logged to logs\15308-java.exe.out
05-05-2022 15:14:59.569 [java] [DEBUG] multithreading is set to false
05-05-2022 15:14:59.928 [java] [DEBUG] Using reflection to scan dependencies for gauge implementations...
05-05-2022 15:15:00.004 [java] [ERROR] SLF4J: Failed to load class "org.slf4j.impl.StaticLoggerBinder".
05-05-2022 15:15:00.005 [java] [ERROR] SLF4J: Defaulting to no-operation (NOP) logger implementation
05-05-2022 15:15:00.005 [java] [ERROR] SLF4J: See http://www.slf4j.org/codes.html#StaticLoggerBinder for further details.
05-05-2022 15:15:00.445 [java] [DEBUG] gauge-java took 867milliseconds to load and scan. This should be less than 'runner_connection_timeout' config value.
05-05-2022 15:15:00.445 [java] [DEBUG] run 'gauge config runner_connection_timeout' and verify that it is < 867
05-05-2022 15:15:00.445 [java] [DEBUG] starting gRPC server...
05-05-2022 15:15:00.604 [java] [DEBUG] started gRPC server on port 51660
05-05-2022 15:15:00.604 [Gauge] [DEBUG] Attempting to connect to grpc server at port: 51660
05-05-2022 15:15:00.755 [Gauge] [DEBUG] Successfully made the connection with runner with port: 51660
05-05-2022 15:15:00.755 [Gauge] [DEBUG] Validation started.
05-05-2022 15:15:01.700 [java] [DEBUG] Scanning packages for steps
05-05-2022 15:15:01.714 [java] [DEBUG] Comparing 'Tests.LoginTest.clickSubmit' and 'Tests.LoginTest.clickSubmit'
05-05-2022 15:15:01.714 [java] [DEBUG] Found Kullanï¿½cï¿½ E-Mail yazdï¿½ktan sonra Giriï¿½ Yap'a tï¿½klar. in current project scope.
05-05-2022 15:15:01.715 [java] [DEBUG] Comparing 'Tests.LoginTest.clickLogin2' and 'Tests.LoginTest.clickLogin2'
05-05-2022 15:15:01.715 [java] [DEBUG] Found Kullanï¿½cï¿½ Giriï¿½ Yap'a tï¿½klar. in current project scope.
05-05-2022 15:15:01.715 [java] [DEBUG] Comparing 'Tests.LoginTest.checkErrorMessage' and 'Tests.LoginTest.checkErrorMessage'
05-05-2022 15:15:01.715 [java] [DEBUG] Found Kullanï¿½cï¿½ {} yazï¿½sï¿½ aldï¿½ï¿½ï¿½nï¿½ gï¿½rï¿½r. in current project scope.
05-05-2022 15:15:01.715 [java] [DEBUG] Comparing 'org.example.StepImplementation.ensureInstallationInstructionsAreAvailable' and 'org.example.StepImplementation.ensureInstallationInstructionsAreAvailable'
05-05-2022 15:15:01.715 [java] [DEBUG] Found Ensure installation instructions are available in current project scope.
05-05-2022 15:15:01.716 [java] [DEBUG] Comparing 'Tests.LoginTest.setEmail' and 'Tests.LoginTest.setEmail'
05-05-2022 15:15:01.716 [java] [DEBUG] Found Email alanï¿½na {} yazï¿½lï¿½r. in current project scope.
05-05-2022 15:15:01.716 [java] [DEBUG] Comparing 'Tests.LoginTest.clickSubmitPw' and 'Tests.LoginTest.clickSubmitPw'
05-05-2022 15:15:01.716 [java] [DEBUG] Found Kullanï¿½cï¿½ ï¿½ifre yazdï¿½ktan sonra Giriï¿½ Yap'a tï¿½klar. in current project scope.
05-05-2022 15:15:01.717 [java] [DEBUG] Comparing 'Tests.LoginTest.clickLogin' and 'Tests.LoginTest.clickLogin'
05-05-2022 15:15:01.717 [java] [DEBUG] Found Kullanï¿½cï¿½ {} tabï¿½na gider. in current project scope.
05-05-2022 15:15:01.717 [java] [DEBUG] Comparing 'org.example.StepImplementation.gotoGetStartedPage' and 'org.example.StepImplementation.gotoGetStartedPage'
05-05-2022 15:15:01.717 [java] [DEBUG] Found Go to Gauge Get Started Page in current project scope.
05-05-2022 15:15:01.717 [java] [DEBUG] Comparing 'Tests.HomeTest.userVisitSite' and 'Tests.HomeTest.userVisitSite'
05-05-2022 15:15:01.717 [java] [DEBUG] Found Kullanï¿½cï¿½ {} sitesini ziyaret eder in current project scope.
05-05-2022 15:15:01.717 [java] [DEBUG] Comparing 'org.example.StepImplementation.implementation1' and 'org.example.StepImplementation.implementation1'
05-05-2022 15:15:01.717 [java] [DEBUG] Found Open the Gauge homepage in current project scope.
05-05-2022 15:15:01.717 [java] [DEBUG] Comparing 'Tests.LoginTest.setPassword' and 'Tests.LoginTest.setPassword'
05-05-2022 15:15:01.717 [java] [DEBUG] Found Kullanï¿½cï¿½ ï¿½ifre alanï¿½na {} yazï¿½lï¿½r. in current project scope.
05-05-2022 15:15:01.717 [java] [DEBUG] Scanning packages for hooks
05-05-2022 15:15:01.724 [java] [DEBUG] Scanned steps (using static parsing + reflections): 
05-05-2022 15:15:01.724 [java] [DEBUG] 	Kullanï¿½cï¿½ Giriï¿½ Yap'a tï¿½klar. : public void clickLogin2()
05-05-2022 15:15:01.724 [java] [DEBUG] 	Open the Gauge homepage : public void implementation1()
05-05-2022 15:15:01.724 [java] [DEBUG] 	Go to Gauge Get Started Page : public void gotoGetStartedPage() throws InterruptedException
05-05-2022 15:15:01.724 [java] [DEBUG] 	Kullanï¿½cï¿½ {} sitesini ziyaret eder : public void userVisitSite(String key)
05-05-2022 15:15:01.724 [java] [DEBUG] 	Kullanï¿½cï¿½ {} tabï¿½na gider. : public void clickLogin(String xxx)
05-05-2022 15:15:01.726 [java] [DEBUG] 	Kullanï¿½cï¿½ {} yazï¿½sï¿½ aldï¿½ï¿½ï¿½nï¿½ gï¿½rï¿½r. : public void checkErrorMessage(String type)
05-05-2022 15:15:01.726 [java] [DEBUG] 	Email alanï¿½na {} yazï¿½lï¿½r. : public void setEmail(String email)
05-05-2022 15:15:01.726 [java] [DEBUG] 	Kullanï¿½cï¿½ ï¿½ifre alanï¿½na {} yazï¿½lï¿½r. : public void setPassword(String password)
05-05-2022 15:15:01.726 [java] [DEBUG] 	Ensure installation instructions are available : public void ensureInstallationInstructionsAreAvailable() throws InterruptedException
05-05-2022 15:15:01.726 [java] [DEBUG] 	Kullanï¿½cï¿½ ï¿½ifre yazdï¿½ktan sonra Giriï¿½ Yap'a tï¿½klar. : public void clickSubmitPw()
05-05-2022 15:15:01.726 [java] [DEBUG] 	Kullanï¿½cï¿½ E-Mail yazdï¿½ktan sonra Giriï¿½ Yap'a tï¿½klar. : public void clickSubmit()
05-05-2022 15:15:02.775 [Gauge] [DEBUG] Validation completed.
05-05-2022 15:15:02.775 [Gauge] [DEBUG] Run started
05-05-2022 15:15:02.776 [Gauge] [DEBUG] Starting Html Report plugin
05-05-2022 15:15:02.795 [Gauge] [DEBUG] Attempting to connect to grpc server at port: 51663
05-05-2022 15:15:02.797 [Gauge] [DEBUG] Successfully made the connection with plugin with port: 51663
05-05-2022 15:15:02.797 [Gauge] [DEBUG] Initialising suite data store.
05-05-2022 15:15:03.501 [java] [ERROR] Starting ChromeDriver 101.0.4951.41 (93c720db8323b3ec10d056025ab95c23a31997c9-refs/branch-heads/4951@{#904}) on port 36623
05-05-2022 15:15:03.501 [java] [ERROR] Only local connections are allowed.
05-05-2022 15:15:03.501 [java] [ERROR] Please see https://chromedriver.chromium.org/security-considerations for suggestions on keeping ChromeDriver safe.
05-05-2022 15:15:03.505 [java] [ERROR] ChromeDriver was started successfully.
05-05-2022 15:15:04.514 [java] [ERROR] May 05, 2022 3:15:04 ÖS org.openqa.selenium.remote.ProtocolHandshake createSession
05-05-2022 15:15:04.514 [java] [ERROR] INFO: Detected dialect: W3C
05-05-2022 15:15:04.705 [java] [DEBUG] Executing 'Kullanï¿½cï¿½ {} sitesini ziyaret eder' using 'class Tests.HomeTest.userVisitSite
05-05-2022 15:15:09.084 [java] [DEBUG] Executing 'Kullanï¿½cï¿½ {} tabï¿½na gider.' using 'class Tests.LoginTest.clickLogin
05-05-2022 15:15:09.558 [java] [DEBUG] Executing 'Kullanï¿½cï¿½ Giriï¿½ Yap'a tï¿½klar.' using 'class Tests.LoginTest.clickLogin2
05-05-2022 15:15:10.705 [java] [DEBUG] Executing 'Email alanï¿½na {} yazï¿½lï¿½r.' using 'class Tests.LoginTest.setEmail
05-05-2022 15:15:12.934 [java] [DEBUG] Executing 'Kullanï¿½cï¿½ E-Mail yazdï¿½ktan sonra Giriï¿½ Yap'a tï¿½klar.' using 'class Tests.LoginTest.clickSubmit
05-05-2022 15:15:14.107 [java] [DEBUG] Executing 'Kullanï¿½cï¿½ ï¿½ifre alanï¿½na {} yazï¿½lï¿½r.' using 'class Tests.LoginTest.setPassword
05-05-2022 15:15:17.358 [java] [DEBUG] Executing 'Kullanï¿½cï¿½ ï¿½ifre yazdï¿½ktan sonra Giriï¿½ Yap'a tï¿½klar.' using 'class Tests.LoginTest.clickSubmitPw
05-05-2022 15:15:18.513 [java] [DEBUG] Executing 'Kullanï¿½cï¿½ {} yazï¿½sï¿½ aldï¿½ï¿½ï¿½nï¿½ gï¿½rï¿½r.' using 'class Tests.LoginTest.checkErrorMessage
05-05-2022 15:15:20.671 [html-report] [DEBUG] Transformed SuiteResult to report structure
05-05-2022 15:15:20.740 [html-report] [INFO] Successfully generated html-report to => C:\Users\ECK\Desktop\test\ReadyTestECK\HepsiburadaUiCaseWrongPw\reports\html-report\index.html
05-05-2022 15:15:20.740 [html-report] [DEBUG] Done generating HTML report using theme from C:\Users\ECK\AppData\Roaming\gauge\plugins\html-report\4.1.4\themes\default
05-05-2022 15:15:20.740 [Gauge] [DEBUG] Sending kill message to Html Report plugin.
05-05-2022 15:15:21.558 [Gauge] [DEBUG] Runner with PID:15308 has exited
05-05-2022 15:15:21.558 [Gauge] [INFO] Specifications:	1 executed	0 passed	1 failed	0 skipped
05-05-2022 15:15:21.558 [Gauge] [INFO] Scenarios:	1 executed	0 passed	1 failed	0 skipped
05-05-2022 15:15:21.559 [Gauge] [INFO] 
Total time taken: 17.89s
